2026-02-16 18:42:11 | INFO | Restored state | visited=0 content_hashes=0 frontier=0 usable=0
2026-02-16 18:42:11 | INFO | Seeded frontier with 0 URLs
2026-02-16 18:42:11 | INFO | Crawler stopped | usable=0 attempted=0 remaining_frontier=0
2026-02-16 18:58:18 | INFO | Restored state | visited=0 content_hashes=0 frontier=0 usable=0
2026-02-16 18:58:18 | INFO | Seeded frontier with 19 URLs
2026-02-16 18:59:52 | INFO | Interrupted by user; exporting current buffers.
2026-02-16 18:59:52 | INFO | Exported batch 0001 | pages=42 edges=8138 | usable=42
2026-02-16 18:59:52 | INFO | Batch files | pages=D:\IR\SearchEngine\GeologySearchEngine-CS6322\crawler\data\batches\pages_batch_0001.jsonl.gz | edges=D:\IR\SearchEngine\GeologySearchEngine-CS6322\crawler\data\batches\edges_batch_0001.jsonl.gz | metadata=D:\IR\SearchEngine\GeologySearchEngine-CS6322\crawler\data\batches\metadata_batch_0001.json
2026-02-16 18:59:52 | INFO | Crawler stopped | usable=42 attempted=43 remaining_frontier=1514
2026-02-16 19:00:02 | INFO | Restored state | visited=43 content_hashes=42 frontier=1514 usable=42
2026-02-16 19:09:02 | INFO | Interrupted by user; exporting current buffers.
2026-02-16 19:09:03 | INFO | Exported batch 0002 | pages=195 edges=35827 | usable=237
2026-02-16 19:09:03 | INFO | Batch files | pages=D:\IR\SearchEngine\GeologySearchEngine-CS6322\crawler\data\batches\pages_batch_0002.jsonl.gz | edges=D:\IR\SearchEngine\GeologySearchEngine-CS6322\crawler\data\batches\edges_batch_0002.jsonl.gz | metadata=D:\IR\SearchEngine\GeologySearchEngine-CS6322\crawler\data\batches\metadata_batch_0002.json
2026-02-16 19:09:03 | INFO | Crawler stopped | usable=237 attempted=284 remaining_frontier=6797
2026-03-09 16:34:48 | INFO | Restored state | visited=284 content_hashes=237 frontier=6797 usable=237
2026-03-09 17:09:34 | INFO | Interrupted by user; exporting current buffers.
2026-03-09 17:09:35 | INFO | Exported batch 0003 | pages=560 edges=112979 | usable=797
2026-03-09 17:09:35 | INFO | Batch files | pages=D:\IR\SearchEngine\GeologySearchEngine-CS6322\crawler\data\batches\pages_batch_0003.jsonl.gz | edges=D:\IR\SearchEngine\GeologySearchEngine-CS6322\crawler\data\batches\edges_batch_0003.jsonl.gz | metadata=D:\IR\SearchEngine\GeologySearchEngine-CS6322\crawler\data\batches\metadata_batch_0003.json
2026-03-09 17:09:35 | INFO | Crawler stopped | usable=797 attempted=1233 remaining_frontier=21025
2026-03-30 21:42:26 | INFO | Restored state | visited=1233 content_hashes=797 frontier=21025 usable=797
2026-03-30 21:45:17 | INFO | Interrupted by user; exporting current buffers.
2026-03-30 21:45:17 | INFO | Exported batch 0004 | pages=15 edges=458 | usable=812
2026-03-30 21:45:17 | INFO | Batch files | pages=D:\IR\SearchEngine\GeologySearchEngine-CS6322\crawler\data\batches\pages_batch_0004.jsonl.gz | edges=D:\IR\SearchEngine\GeologySearchEngine-CS6322\crawler\data\batches\edges_batch_0004.jsonl.gz | metadata=D:\IR\SearchEngine\GeologySearchEngine-CS6322\crawler\data\batches\metadata_batch_0004.json
2026-03-30 21:45:17 | INFO | Crawler stopped | usable=812 attempted=1300 remaining_frontier=21177
2026-03-30 21:48:27 | INFO | Restored state | visited=1300 content_hashes=812 frontier=21177 usable=812
2026-03-31 10:54:57 | INFO | Interrupted by user; exporting current buffers.
2026-03-31 10:54:59 | INFO | Exported batch 0005 | pages=1374 edges=46627 | usable=2186
2026-03-31 10:54:59 | INFO | Batch files | pages=D:\IR\SearchEngine\GeologySearchEngine-CS6322\crawler\data\batches\pages_batch_0005.jsonl.gz | edges=D:\IR\SearchEngine\GeologySearchEngine-CS6322\crawler\data\batches\edges_batch_0005.jsonl.gz | metadata=D:\IR\SearchEngine\GeologySearchEngine-CS6322\crawler\data\batches\metadata_batch_0005.json
2026-03-31 10:54:59 | INFO | Crawler stopped | usable=2186 attempted=20608 remaining_frontier=14937
